<?xml version="1.0" encoding="UTF-8"?>
<!-- Generated by org.testng.reporters.JUnitXMLReporter -->
<testsuite ignored="0" hostname="RGCWP16JWC" failures="0" tests="3" name="Surefire test" time="17.346" errors="0" timestamp="2024-12-18T14:27:15 WIB">
  <testcase classname="automation.StandAloneImplTest" name="createOrder" time="7.191"/>
  <testcase classname="automation.StandAloneNGTest" name="createOrder" time="6.313"/>
  <testcase classname="automation.StandAloneNGTest" name="OrderHistory" time="3.823"/>
</testsuite> <!-- Surefire test -->
