<?xml version="1.0" encoding="UTF-8"?>
<testng-results ignored="0" total="2" passed="2" failed="0" skipped="0">
  <reporter-output>
  </reporter-output>
  <suite started-at="2024-12-19T23:35:37 WIB" name="Surefire suite" finished-at="2024-12-19T23:35:54 WIB" duration-ms="17084">
    <groups>
    </groups>
    <test started-at="2024-12-19T23:35:37 WIB" name="Surefire test" finished-at="2024-12-19T23:35:54 WIB" duration-ms="17084">
      <class name="automation.StandAloneNGTest">
        <test-method signature="submitOrder(java.util.HashMap)[pri:0, instance:automation.StandAloneNGTest@4e08711f]" started-at="2024-12-19T23:35:37 WIB" name="submitOrder" data-provider="getData" finished-at="2024-12-19T23:35:48 WIB" duration-ms="11173" status="PASS">
          <params>
            <param index="0">
              <value>
                <![CDATA[{password=XBf@rWNvByn!#K8, email=simanjuntakalbert57@gmail.com, productName=ADIDAS ORIGINAL}]]>
              </value>
            </param>
          </params>
          <reporter-output>
          </reporter-output>
        </test-method> <!-- submitOrder -->
        <test-method signature="OrderHistory(java.util.HashMap)[pri:0, instance:automation.StandAloneNGTest@4e08711f]" started-at="2024-12-19T23:35:48 WIB" name="OrderHistory" data-provider="getData" finished-at="2024-12-19T23:35:54 WIB" depends-on-methods="automation.StandAloneNGTest.submitOrder" duration-ms="5893" status="PASS">
          <params>
            <param index="0">
              <value>
                <![CDATA[{password=XBf@rWNvByn!#K8, email=simanjuntakalbert57@gmail.com, productName=ADIDAS ORIGINAL}]]>
              </value>
            </param>
          </params>
          <reporter-output>
          </reporter-output>
        </test-method> <!-- OrderHistory -->
      </class> <!-- automation.StandAloneNGTest -->
    </test> <!-- Surefire test -->
  </suite> <!-- Surefire suite -->
</testng-results>
