<?xml version="1.0" encoding="UTF-8"?>
<testsuite xmlns:xsi="http://www.w3.org/2001/XMLSchema-instance" xsi:noNamespaceSchemaLocation="https://maven.apache.org/surefire/maven-surefire-plugin/xsd/surefire-test-report-3.0.xsd" version="3.0" name="TestSuite" time="45.075" tests="2" errors="0" skipped="0" failures="0">
  <properties>
[...]
</properties>
  <testcase name="submitOrder[{password=XBf@rWNvByn!#K8, email=simanjuntakalbert57@gmail.com, productName=ADIDAS ORIGINAL}](1)" classname="automation.StandAloneNGTest" time="11.174">
    <system-out><![CDATA[ini chromedriver
]]></system-out>
  </testcase>
  <testcase name="OrderHistory[{password=XBf@rWNvByn!#K8, email=simanjuntakalbert57@gmail.com, productName=ADIDAS ORIGINAL}](1)" classname="automation.StandAloneNGTest" time="5.892">
    <system-out><![CDATA[ini chromedriver
]]></system-out>
  </testcase>
</testsuite>