<?xml version="1.0" encoding="UTF-8"?>
<testng-results ignored="0" total="2" passed="2" failed="0" skipped="0">
  <reporter-output>
  </reporter-output>
  <suite started-at="2024-12-18T20:37:11 WIB" name="Annotation Execution Suite" finished-at="2024-12-18T20:37:25 WIB" duration-ms="14165">
    <groups>
    </groups>
    <test started-at="2024-12-18T20:37:11 WIB" name="MyTestGroup" finished-at="2024-12-18T20:37:25 WIB" duration-ms="14165">
      <class name="automation.StandAloneTestPO">
        <test-method signature="submitOrder(java.util.HashMap)[pri:0, instance:automation.StandAloneTestPO@7748410a]" started-at="2024-12-18T20:37:11 WIB" name="submitOrder" data-provider="getData" finished-at="2024-12-18T20:37:20 WIB" duration-ms="8731" status="PASS">
          <params>
            <param index="0">
              <value>
                <![CDATA[{password=XBf@rWNvByn!#K8, email=simanjuntakalbert57@gmail.com, productName=ADIDAS ORIGINAL}]]>
              </value>
            </param>
          </params>
          <reporter-output>
          </reporter-output>
        </test-method> <!-- submitOrder -->
        <test-method signature="OrderHistory(java.util.HashMap)[pri:0, instance:automation.StandAloneTestPO@7748410a]" started-at="2024-12-18T20:37:20 WIB" name="OrderHistory" data-provider="getData" finished-at="2024-12-18T20:37:25 WIB" depends-on-methods="automation.StandAloneTestPO.submitOrder" duration-ms="5417" status="PASS">
          <params>
            <param index="0">
              <value>
                <![CDATA[{password=XBf@rWNvByn!#K8, email=simanjuntakalbert57@gmail.com, productName=ADIDAS ORIGINAL}]]>
              </value>
            </param>
          </params>
          <reporter-output>
          </reporter-output>
        </test-method> <!-- OrderHistory -->
      </class> <!-- automation.StandAloneTestPO -->
    </test> <!-- MyTestGroup -->
  </suite> <!-- Annotation Execution Suite -->
</testng-results>
