<?xml version="1.0" encoding="UTF-8"?>
<testsuite xmlns:xsi="http://www.w3.org/2001/XMLSchema-instance" xsi:noNamespaceSchemaLocation="https://maven.apache.org/surefire/maven-surefire-plugin/xsd/surefire-test-report-3.0.xsd" version="3.0" name="TestSuite" time="56.852" tests="2" errors="0" skipped="1" failures="1">
  <properties>
[...]
</properties>
  <testcase name="submitOrder[{password=XBf@rWNvByn!#K8, email=simanjuntakalbert57@gmail.com, productName=ADIDAS ORIGINAL}](1)" classname="automation.StandAloneNGTest" time="13.702">
    <failure message="no such element: Unable to locate element: {&quot;method&quot;:&quot;css selector&quot;,&quot;selector&quot;:&quot;.action__submit&quot;}&#10;  (Session info: chrome=131.0.6778.205)&#10;For documentation on this error, please visit: https://www.selenium.dev/documentation/webdriver/troubleshooting/errors#no-such-element-exception&#10;Build info: version: &apos;4.27.0&apos;, revision: &apos;d6e718d134&apos;&#10;System info: os.name: &apos;Mac OS X&apos;, os.arch: &apos;aarch64&apos;, os.version: &apos;15.1.1&apos;, java.version: &apos;11.0.21&apos;&#10;Driver info: org.openqa.selenium.chrome.ChromeDriver&#10;Command: [dc9c30e2562ae242dd2bc6554fefc008, findElement {using=css selector, value=.action__submit}]&#10;Capabilities {acceptInsecureCerts: false, browserName: chrome, browserVersion: 131.0.6778.205, chrome: {chromedriverVersion: 131.0.6778.69 (77e2244bbcda..., userDataDir: /var/folders/_8/v_b5zj050r7...}, fedcm:accounts: true, goog:chromeOptions: {debuggerAddress: localhost:57120}, networkConnectionEnabled: false, pageLoadStrategy: normal, platformName: mac, proxy: Proxy(), se:cdp: ws://localhost:57120/devtoo..., se:cdpVersion: 131.0.6778.205, setWindowRect: true, strictFileInteractability: false, timeouts: {implicit: 0, pageLoad: 300000, script: 30000}, unhandledPromptBehavior: dismiss and notify, webauthn:extension:credBlob: true, webauthn:extension:largeBlob: true, webauthn:extension:minPinLength: true, webauthn:extension:prf: true, webauthn:virtualAuthenticators: true}&#10;Session ID: dc9c30e2562ae242dd2bc6554fefc008" type="org.openqa.selenium.NoSuchElementException"><![CDATA[org.openqa.selenium.NoSuchElementException: 
no such element: Unable to locate element: {"method":"css selector","selector":".action__submit"}
  (Session info: chrome=131.0.6778.205)
For documentation on this error, please visit: https://www.selenium.dev/documentation/webdriver/troubleshooting/errors#no-such-element-exception
Build info: version: '4.27.0', revision: 'd6e718d134'
System info: os.name: 'Mac OS X', os.arch: 'aarch64', os.version: '15.1.1', java.version: '11.0.21'
Driver info: org.openqa.selenium.chrome.ChromeDriver
Command: [dc9c30e2562ae242dd2bc6554fefc008, findElement {using=css selector, value=.action__submit}]
Capabilities {acceptInsecureCerts: false, browserName: chrome, browserVersion: 131.0.6778.205, chrome: {chromedriverVersion: 131.0.6778.69 (77e2244bbcda..., userDataDir: /var/folders/_8/v_b5zj050r7...}, fedcm:accounts: true, goog:chromeOptions: {debuggerAddress: localhost:57120}, networkConnectionEnabled: false, pageLoadStrategy: normal, platformName: mac, proxy: Proxy(), se:cdp: ws://localhost:57120/devtoo..., se:cdpVersion: 131.0.6778.205, setWindowRect: true, strictFileInteractability: false, timeouts: {implicit: 0, pageLoad: 300000, script: 30000}, unhandledPromptBehavior: dismiss and notify, webauthn:extension:credBlob: true, webauthn:extension:largeBlob: true, webauthn:extension:minPinLength: true, webauthn:extension:prf: true, webauthn:virtualAuthenticators: true}
Session ID: dc9c30e2562ae242dd2bc6554fefc008
	at automation.StandAloneNGTest.submitOrder(StandAloneNGTest.java:44)
]]></failure>
  </testcase>
  <testcase name="OrderHistory" classname="automation.StandAloneNGTest" time="0">
    <skipped message="Method StandAloneNGTest.OrderHistory(java.util.HashMap)[pri:0, instance:automation.StandAloneNGTest@229f66ed] depends on not successfully finished methods"/>
  </testcase>
</testsuite>