<?xml version="1.0" encoding="UTF-8"?>
<testng-results ignored="0" total="3" passed="3" failed="0" skipped="0">
  <reporter-output>
  </reporter-output>
  <suite started-at="2024-12-18T14:26:58 WIB" name="Surefire suite" finished-at="2024-12-18T14:27:15 WIB" duration-ms="17346">
    <groups>
    </groups>
    <test started-at="2024-12-18T14:26:58 WIB" name="Surefire test" finished-at="2024-12-18T14:27:15 WIB" duration-ms="17346">
      <class name="automation.StandAloneNGTest">
        <test-method signature="createOrder(java.util.HashMap)[pri:0, instance:automation.StandAloneNGTest@5c33f1a9]" started-at="2024-12-18T14:27:05 WIB" name="createOrder" data-provider="getData" finished-at="2024-12-18T14:27:11 WIB" duration-ms="6313" status="PASS">
          <params>
            <param index="0">
              <value>
                <![CDATA[{password=XBf@rWNvByn!#K8, email=simanjuntakalbert57@gmail.com, productName=ZARA COAT 3}]]>
              </value>
            </param>
          </params>
          <reporter-output>
          </reporter-output>
        </test-method> <!-- createOrder -->
        <test-method signature="OrderHistory()[pri:0, instance:automation.StandAloneNGTest@5c33f1a9]" started-at="2024-12-18T14:27:11 WIB" name="OrderHistory" finished-at="2024-12-18T14:27:15 WIB" depends-on-methods="automation.StandAloneNGTest.createOrder" duration-ms="3823" status="PASS">
          <reporter-output>
          </reporter-output>
        </test-method> <!-- OrderHistory -->
      </class> <!-- automation.StandAloneNGTest -->
      <class name="automation.StandAloneImplTest">
        <test-method signature="createOrder()[pri:0, instance:automation.StandAloneImplTest@79e2c065]" started-at="2024-12-18T14:26:58 WIB" name="createOrder" finished-at="2024-12-18T14:27:05 WIB" duration-ms="7191" status="PASS">
          <reporter-output>
          </reporter-output>
        </test-method> <!-- createOrder -->
      </class> <!-- automation.StandAloneImplTest -->
    </test> <!-- Surefire test -->
  </suite> <!-- Surefire suite -->
</testng-results>
