<?xml version="1.0" encoding="UTF-8"?>
<!-- Generated by org.testng.reporters.JUnitReportReporter -->
<testsuite hostname="RGCWP16JWC" failures="0" tests="2" name="automation.StandAloneNGTest" time="10.136" errors="0" timestamp="2024-12-18T14:27:15 WIB" skipped="0">
  <testcase classname="automation.StandAloneNGTest" name="OrderHistory" time="3.823"/>
  <system-out/>
  <testcase classname="automation.StandAloneNGTest" name="createOrder" time="6.313"/>
  <system-out/>
</testsuite> <!-- automation.StandAloneNGTest -->
